[0m[1mrandom_string.suffix: Refreshing state... [id=Ndbq45M1][0m
[0m[1mmodule.eks.random_string.suffix: Refreshing state... [id=GdxMmeaL][0m
[0m[1mmodule.ssh.tls_private_key.rsa-4096-eksapp: Refreshing state... [id=088cf54fe725442b49ad7db42c930700fa5c88eb][0m
[0m[1mmodule.ssh.local_file.eksapp_privatekey: Refreshing state... [id=c2f1bda3df98875f44ed3c3369e514d3d5e1f165][0m
[0m[1mmodule.ssh.aws_key_pair.eks-rsa-key: Refreshing state... [id=fusions-prod-key][0m
[0m[1mmodule.vpc.aws_vpc.eks-vpc: Refreshing state... [id=vpc-070e80c66e206422a][0m
[0m[1mmodule.vpc.aws_subnet.private_subnet[0]: Refreshing state... [id=subnet-0d38041cdf14a5f0b][0m
[0m[1mmodule.vpc.aws_subnet.public_subnet[1]: Refreshing state... [id=subnet-0c5d1c80abc47a696][0m
[0m[1mmodule.vpc.aws_subnet.public_subnet[0]: Refreshing state... [id=subnet-0c78852455c64269e][0m
[0m[1mmodule.vpc.aws_subnet.private_subnet[1]: Refreshing state... [id=subnet-05b03a9698619dfab][0m
[0m[1mmodule.vpc.aws_internet_gateway.internet_publicsubnet: Refreshing state... [id=igw-046c3803cce40b841][0m
[0m[1mmodule.vpc.aws_eip.nat_eip: Refreshing state... [id=eipalloc-0b0c54b840d2f48b4][0m
[0m[1mmodule.vpc.aws_route_table.public-routetable: Refreshing state... [id=rtb-0be230b8d16355fd3][0m
[0m[1mmodule.vpc.aws_route_table_association.public-route[1]: Refreshing state... [id=rtbassoc-05647c62252037b6c][0m
[0m[1mmodule.vpc.aws_route_table_association.public-route[0]: Refreshing state... [id=rtbassoc-08d3f7f88e218161f][0m
[0m[1mmodule.vpc.aws_nat_gateway.nat-private: Refreshing state... [id=nat-0255fff9107bb8d86][0m
[0m[1mmodule.vpc.aws_route_table.private-routetable: Refreshing state... [id=rtb-07b8ebc0a1cbc8ca0][0m
[0m[1mmodule.vpc.aws_route_table_association.private-route[0]: Refreshing state... [id=rtbassoc-0bfd3369e3098083f][0m
[0m[1mmodule.vpc.aws_route_table_association.private-route[1]: Refreshing state... [id=rtbassoc-0353b68293910206a][0m
[0m[1mmodule.iam.aws_iam_policy.nodegroup_iam_policy: Refreshing state... [id=arn:aws:iam::590183702475:policy/addressbook-prod-nodegroupPolicy][0m
[0m[1mmodule.iam.aws_iam_role.eks_cluster_role: Refreshing state... [id=addressbook-prod-eks-role][0m
[0m[1mmodule.security_group.aws_security_group.ec2-sg: Refreshing state... [id=sg-005ce0162adeda885][0m
[0m[1mmodule.iam.aws_iam_role.nodegroup_iam_role: Refreshing state... [id=addressbook-prod-nodegrouprole][0m
[0m[1mmodule.security_group.aws_security_group.cluster-sg: Refreshing state... [id=sg-080efba8bf4d781ee][0m
[0m[1mmodule.security_group.aws_security_group.nodegroup-sg: Refreshing state... [id=sg-06e07a2d7f9de9fc8][0m
[0m[1mmodule.ec2.aws_instance.fussion_ec2: Refreshing state... [id=i-06bff96d0a79dbf04][0m
[0m[1mmodule.aws_launch_template.aws_launch_template.template_ec2_node: Refreshing state... [id=lt-0dd0657cf7bab1897][0m
[0m[1mmodule.iam.aws_iam_role_policy_attachment.nodegroup_iam_role: Refreshing state... [id=addressbook-prod-nodegrouprole-20241009133133350200000007][0m
[0m[1mmodule.iam.aws_iam_role_policy_attachment.role_policy_attachment["arn:aws:iam::aws:policy/AmazonEKSWorkerNodePolicy"]: Refreshing state... [id=addressbook-prod-nodegrouprole-20241009133133375900000009][0m
[0m[1mmodule.iam.aws_iam_role_policy_attachment.role_policy_attachment["arn:aws:iam::aws:policy/AmazonEKS_CNI_Policy"]: Refreshing state... [id=addressbook-prod-nodegrouprole-20241009133133055800000006][0m
[0m[1mmodule.iam.aws_iam_role_policy_attachment.role_policy_attachment["arn:aws:iam::aws:policy/AmazonEC2ContainerRegistryReadOnly"]: Refreshing state... [id=addressbook-prod-nodegrouprole-20241009133133370900000008][0m
[0m[1mmodule.iam.aws_iam_role_policy_attachment.resource-AmazonEKSVPCResourceController: Refreshing state... [id=addressbook-prod-eks-role-20241009133133036300000004][0m
[0m[1mmodule.iam.aws_iam_role_policy_attachment.cluster-AmazonEKSClusterPolicy: Refreshing state... [id=addressbook-prod-eks-role-20241009133133042400000005][0m
[0m[1mmodule.eks.aws_eks_cluster.eks_cluster[0]: Refreshing state... [id=fusions-addressbook-prod-cluster-GdxMmeaL][0m
[0m[1mmodule.eks.aws_iam_openid_connect_provider.oidc_provider[0]: Refreshing state... [id=arn:aws:iam::590183702475:oidc-provider/oidc.eks.us-east-1.amazonaws.com/id/B1FFC093DC242B65FF2757685C2635A0][0m
[0m[1mmodule.eks.aws_eks_addon.addons[0]: Refreshing state... [id=fusions-addressbook-prod-cluster-GdxMmeaL:kube-proxy][0m
[0m[1mmodule.eks.aws_eks_addon.addons[2]: Refreshing state... [id=fusions-addressbook-prod-cluster-GdxMmeaL:eks-pod-identity-agent][0m
[0m[1mmodule.eks.aws_eks_addon.addons[1]: Refreshing state... [id=fusions-addressbook-prod-cluster-GdxMmeaL:vpc-cni][0m
[0m[1mmodule.eks.aws_eks_node_group.eks_cluster_nodegroup[0]: Refreshing state... [id=fusions-addressbook-prod-cluster-GdxMmeaL:app-address-node][0m

Terraform used the selected providers to generate the following execution
plan. Resource actions are indicated with the following symbols:
  [33m~[0m update in-place[0m

Terraform will perform the following actions:

[1m  # module.eks.aws_eks_node_group.eks_cluster_nodegroup[0][0m will be updated in-place
[0m  [33m~[0m[0m resource "aws_eks_node_group" "eks_cluster_nodegroup" {
        id              = "fusions-addressbook-prod-cluster-GdxMmeaL:app-address-node"
        tags            = {
            "Name"                = "addressbook"
            "envirnoment"         = "prod"
            "propagate_at_launch" = "true"
        }
        [90m# (15 unchanged attributes hidden)[0m[0m

      [33m~[0m[0m launch_template {
            id      = "lt-0dd0657cf7bab1897"
            name    = "app-address-node"
          [33m~[0m[0m version = "1" [33m->[0m[0m "$Latest"
        }

        [90m# (2 unchanged blocks hidden)[0m[0m
    }

[1mPlan:[0m 0 to add, 1 to change, 0 to destroy.
[0m[0m[1mmodule.eks.aws_eks_node_group.eks_cluster_nodegroup[0]: Modifying... [id=fusions-addressbook-prod-cluster-GdxMmeaL:app-address-node][0m[0m
[0m[1mmodule.eks.aws_eks_node_group.eks_cluster_nodegroup[0]: Still modifying... [id=fusions-addressbook-prod-cluster-GdxMmeaL:app-address-node, 10s elapsed][0m[0m
[0m[1mmodule.eks.aws_eks_node_group.eks_cluster_nodegroup[0]: Modifications complete after 10s [id=fusions-addressbook-prod-cluster-GdxMmeaL:app-address-node][0m
[0m[1m[32m
Apply complete! Resources: 0 added, 1 changed, 0 destroyed.
[0m